<?xml version="1.0" encoding="UTF-8"?>
<!-- Generated by org.testng.reporters.JUnitReportReporter -->
<testsuite skipped="0" hostname="WELCOME" name="com.leafBot.testcases.TestCase_CreateLead" tests="2" failures="0" timestamp="08 Sep 2019 10:24:37 GMT" time="67.095" errors="0">
  <testcase name="CreateLeadTesCase" time="31.852" classname="com.leafBot.testcases.TestCase_CreateLead"/>
  <testcase name="CreateLeadTesCase" time="35.243" classname="com.leafBot.testcases.TestCase_CreateLead"/>
</testsuite> <!-- com.leafBot.testcases.TestCase_CreateLead -->
